<?xml version="1.0" encoding="UTF-8"?>
<!-- Generated by org.testng.reporters.JUnitXMLReporter -->
<testsuite hostname="Xiho-Icy" name="Nopackage" tests="85" failures="2" timestamp="14 Dec 2017 08:56:54 GMT" time="1357.09" errors="0">
  <testcase name="loginFail" time="16.407" classname="com.PageTest.back.BackLoginFailTest">
    <failure type="java.lang.AssertionError" message="expected [true] but found [false]">
      <![CDATA[java.lang.AssertionError: expected [true] but found [false]
	at com.PageTest.back.BackLoginFailTest.loginFail(Unknown Source)
... Removed 27 stack frames]]>
    </failure>
  </testcase> <!-- loginFail -->
  <testcase name="Login" time="18.81" classname="com.PageTest.forword.BrandClickTest"/>
  <testcase name="Click" time="52.956" classname="com.PageTest.forword.BrandClickTest"/>
  <testcase name="loginSuccess" time="18.707" classname="com.PageTest.back.BackLoginSuccessTest"/>
  <testcase name="Login" time="11.339" classname="com.PageTest.forword.ColorTest"/>
  <testcase name="underClick" time="8.677" classname="com.PageTest.forword.ColorTest"/>
  <testcase name="colorClick" time="8.533" classname="com.PageTest.forword.ColorTest"/>
  <testcase name="morecheckColor" time="13.41" classname="com.PageTest.forword.ColorTest"/>
  <testcase name="checkColor" time="3.605" classname="com.PageTest.forword.ColorTest"/>
  <testcase name="EDelete" time="12.116" classname="com.PageTest.back.EmployeeCheckTest"/>
  <testcase name="Login" time="23.6" classname="com.PageTest.back.EmployeeCheckTest"/>
  <testcase name="loginFail1" time="6.408" classname="com.PageTest.forword.ForLoginPageTest"/>
  <testcase name="loginFail2" time="6.326" classname="com.PageTest.forword.ForLoginPageTest"/>
  <testcase name="loginSuccess" time="7.56" classname="com.PageTest.forword.ForLoginPageTest"/>
  <testcase name="Login" time="23.561" classname="com.PageTest.back.EmployeeDeleteTest"/>
  <testcase name="EDelete" time="22.973" classname="com.PageTest.back.EmployeeDeleteTest"/>
  <testcase name="Login" time="11.177" classname="com.PageTest.forword.MoreColorTest"/>
  <testcase name="underClick" time="22.118" classname="com.PageTest.forword.MoreColorTest"/>
  <testcase name="retractColor" time="13.35" classname="com.PageTest.forword.MoreColorTest"/>
  <testcase name="Edit" time="6.107" classname="com.PageTest.back.EmployeeEditTest"/>
  <testcase name="Login" time="23.637" classname="com.PageTest.back.EmployeeEditTest"/>
  <testcase name="Login" time="10.961" classname="com.PageTest.forword.NpttTest"/>
  <testcase name="underClick" time="8.823" classname="com.PageTest.forword.NpttTest"/>
  <testcase name="proceedsClick" time="8.55" classname="com.PageTest.forword.NpttTest"/>
  <testcase name="priceClick" time="8.78" classname="com.PageTest.forword.NpttTest"/>
  <testcase name="talkClick" time="8.573" classname="com.PageTest.forword.NpttTest"/>
  <testcase name="timeClick" time="8.55" classname="com.PageTest.forword.NpttTest"/>
  <testcase name="MDelete" time="9.112" classname="com.PageTest.back.EmployeeReviseTest">
    <failure type="java.lang.AssertionError" message="expected [true] but found [false]">
      <![CDATA[java.lang.AssertionError: expected [true] but found [false]
	at com.PageTest.back.EmployeeReviseTest.MDelete(Unknown Source)
... Removed 27 stack frames]]>
    </failure>
  </testcase> <!-- MDelete -->
  <testcase name="Login" time="23.726" classname="com.PageTest.back.EmployeeReviseTest"/>
  <testcase name="Login" time="11.073" classname="com.PageTest.forword.PriceTest"/>
  <testcase name="underClick" time="8.669" classname="com.PageTest.forword.PriceTest"/>
  <testcase name="priceClick" time="8.532" classname="com.PageTest.forword.PriceTest"/>
  <testcase name="BL" time="9.3" classname="com.PageTest.forword.PriceTest"/>
  <testcase name="BZ" time="8.803" classname="com.PageTest.forword.PriceTest"/>
  <testcase name="LB" time="8.72" classname="com.PageTest.forword.PriceTest"/>
  <testcase name="ZB" time="8.84" classname="com.PageTest.forword.PriceTest"/>
  <testcase name="Login" time="23.88" classname="com.PageTest.back.LinkChangeTest"/>
  <testcase name="Linkchange" time="22.33" classname="com.PageTest.back.LinkChangeTest"/>
  <testcase name="Login" time="11.09" classname="com.PageTest.forword.PromotionTest"/>
  <testcase name="underClick" time="8.698" classname="com.PageTest.forword.PromotionTest"/>
  <testcase name="saleClick" time="8.31" classname="com.PageTest.forword.PromotionTest"/>
  <testcase name="Login" time="23.864" classname="com.PageTest.back.LinkClickTest"/>
  <testcase name="Linkclick" time="6.978" classname="com.PageTest.back.LinkClickTest"/>
  <testcase name="Login" time="11.27" classname="com.PageTest.forword.RecommendTest"/>
  <testcase name="underClick" time="8.732" classname="com.PageTest.forword.RecommendTest"/>
  <testcase name="addNum" time="0.04" classname="com.PageTest.forword.RecommendTest"/>
  <testcase name="addtoCart" time="0.02" classname="com.PageTest.forword.RecommendTest"/>
  <testcase name="goodClick" time="8.088" classname="com.PageTest.forword.RecommendTest"/>
  <testcase name="priceReduction" time="0.02" classname="com.PageTest.forword.RecommendTest"/>
  <testcase name="selectAdd" time="0.03" classname="com.PageTest.forword.RecommendTest"/>
  <testcase name="selectColor" time="0.01" classname="com.PageTest.forword.RecommendTest"/>
  <testcase name="selectSize" time="0.061" classname="com.PageTest.forword.RecommendTest"/>
  <testcase name="Login" time="23.759" classname="com.PageTest.back.MemberReviseTest"/>
  <testcase name="Revise" time="27.196" classname="com.PageTest.back.MemberReviseTest"/>
  <testcase name="Login" time="11.055" classname="com.PageTest.forword.SizeTest"/>
  <testcase name="underClick" time="8.697" classname="com.PageTest.forword.SizeTest"/>
  <testcase name="sizeClick" time="3.584" classname="com.PageTest.forword.SizeTest"/>
  <testcase name="Login" time="23.769" classname="com.PageTest.back.NewsNewsTest"/>
  <testcase name="News" time="19.878" classname="com.PageTest.back.NewsNewsTest"/>
  <testcase name="News1" time="6.699" classname="com.PageTest.back.NewsNewsTest"/>
  <testcase name="News2" time="6.577" classname="com.PageTest.back.NewsNewsTest"/>
  <testcase name="News3" time="6.589" classname="com.PageTest.back.NewsNewsTest"/>
  <testcase name="News4" time="6.559" classname="com.PageTest.back.NewsNewsTest"/>
  <testcase name="News5" time="6.566" classname="com.PageTest.back.NewsNewsTest"/>
  <testcase name="News5" time="6.558" classname="com.PageTest.back.NewsNewsTest"/>
  <testcase name="News6" time="6.589" classname="com.PageTest.back.NewsNewsTest"/>
  <testcase name="Login" time="16.268" classname="com.PageTest.forword.SportRushTest"/>
  <testcase name="sportClick" time="8.891" classname="com.PageTest.forword.SportRushTest"/>
  <testcase name="Rush" time="6.134" classname="com.PageTest.forword.SportRushTest"/>
  <testcase name="Login" time="24.266" classname="com.PageTest.back.NewsNoticesTest"/>
  <testcase name="Notice" time="15.918" classname="com.PageTest.back.NewsNoticesTest"/>
  <testcase name="Notice1" time="6.628" classname="com.PageTest.back.NewsNoticesTest"/>
  <testcase name="Notice2" time="6.529" classname="com.PageTest.back.NewsNoticesTest"/>
  <testcase name="Notice3" time="6.58" classname="com.PageTest.back.NewsNoticesTest"/>
  <testcase name="Notice4" time="6.558" classname="com.PageTest.back.NewsNoticesTest"/>
  <testcase name="Notice4" time="6.559" classname="com.PageTest.back.NewsNoticesTest"/>
  <testcase name="Notice5" time="6.608" classname="com.PageTest.back.NewsNoticesTest"/>
  <testcase name="Login" time="23.641" classname="com.PageTest.back.OrderDetailTest"/>
  <testcase name="TDetail" time="19.847" classname="com.PageTest.back.OrderDetailTest"/>
  <testcase name="Login" time="23.661" classname="com.PageTest.back.ShopImage"/>
  <testcase name="Image" time="25.154" classname="com.PageTest.back.ShopImage"/>
  <testcase name="Login" time="23.735" classname="com.PageTest.back.ShopImagechange"/>
  <testcase name="Image3" time="24.974" classname="com.PageTest.back.ShopImagechange"/>
  <testcase name="Login" time="23.809" classname="com.PageTest.back.ShopImagetitle"/>
  <testcase name="Image" time="24.892" classname="com.PageTest.back.ShopImagetitle"/>
</testsuite> <!-- Nopackage -->
